<?xml version="1.0" encoding="UTF-8"?>
<testng-results total="1" passed="1" failed="0" skipped="0">
  <reporter-output>
  </reporter-output>
  <suite started-at="2020-12-06T11:14:26Z" name="Suite" finished-at="2020-12-06T11:15:32Z" duration-ms="65821">
    <groups>
    </groups>
    <test started-at="2020-12-06T11:14:26Z" name="Test" finished-at="2020-12-06T11:15:32Z" duration-ms="65821">
      <class name="TestCases.LoginPageTest">
        <test-method is-config="true" signature="homenavigation()[pri:0, instance:TestCases.LoginPageTest@691a7f8f]" started-at="2020-12-06T22:14:26Z" name="homenavigation" finished-at="2020-12-06T22:14:48Z" duration-ms="21881" status="PASS">
          <reporter-output>
          </reporter-output>
        </test-method> <!-- homenavigation -->
        <test-method signature="LoginPage()[pri:0, instance:TestCases.LoginPageTest@691a7f8f]" started-at="2020-12-06T22:14:48Z" name="LoginPage" finished-at="2020-12-06T22:15:29Z" duration-ms="40925" status="PASS">
          <reporter-output>
          </reporter-output>
        </test-method> <!-- LoginPage -->
        <test-method is-config="true" signature="ClosBrowser()[pri:0, instance:TestCases.LoginPageTest@691a7f8f]" started-at="2020-12-06T22:15:29Z" name="ClosBrowser" finished-at="2020-12-06T22:15:32Z" duration-ms="2966" status="PASS">
          <reporter-output>
          </reporter-output>
        </test-method> <!-- ClosBrowser -->
      </class> <!-- TestCases.LoginPageTest -->
    </test> <!-- Test -->
  </suite> <!-- Suite -->
</testng-results>
